aRSimple/build/outputs/logs/manifest-merger-debug-report.txt
-- Merging decision tree log ---
manifest
ADDED from src/main/AndroidManifest.xml:2:1-50:12
	xmlns:android
		ADDED from src/main/AndroidManifest.xml:2:11-69
	package
		ADDED from src/main/AndroidManifest.xml:3:7-40
		INJECTED from src/main/AndroidManifest.xml
		INJECTED from src/main/AndroidManifest.xml
	android:versionName
		ADDED from src/main/AndroidManifest.xml:5:7-32
	android:versionCode
		ADDED from src/main/AndroidManifest.xml:4:7-34
		INJECTED from src/main/AndroidManifest.xml
		INJECTED from src/main/AndroidManifest.xml
uses-sdk
ADDED from src/main/AndroidManifest.xml:8:5-10:35
MERGED from [ARLights:aRBaseLib:unspecified] AndroidManifest.xml:7:5-9:41
	android:targetSdkVersion
		ADDED from src/main/AndroidManifest.xml:10:3-32
		INJECTED from src/main/AndroidManifest.xml
		INJECTED from src/main/AndroidManifest.xml
	android:minSdkVersion
		ADDED from src/main/AndroidManifest.xml:9:3-28
		INJECTED from src/main/AndroidManifest.xml
		INJECTED from src/main/AndroidManifest.xml
uses-permission#android.permission.CAMERA
ADDED from src/main/AndroidManifest.xml:12:2-62
	android:name
		ADDED from src/main/AndroidManifest.xml:12:19-59
uses-permission#android.permission.INTERNET
ADDED from src/main/AndroidManifest.xml:13:2-64
	android:name
		ADDED from src/main/AndroidManifest.xml:13:19-61
uses-permission#android.permission.ACCESS_NETWORK_STATE
ADDED from src/main/AndroidManifest.xml:14:2-76
	android:name
		ADDED from src/main/AndroidManifest.xml:14:19-73
uses-feature#android.hardware.camera.any
ADDED from src/main/AndroidManifest.xml:15:2-61
	android:name
		ADDED from src/main/AndroidManifest.xml:15:16-58
uses-feature#android.hardware.camera
ADDED from src/main/AndroidManifest.xml:16:2-82
	android:required
		ADDED from src/main/AndroidManifest.xml:16:55-79
	android:name
		ADDED from src/main/AndroidManifest.xml:16:16-54
uses-feature#android.hardware.camera.autofocus
ADDED from src/main/AndroidManifest.xml:17:2-92
	android:required
		ADDED from src/main/AndroidManifest.xml:17:65-89
	android:name
		ADDED from src/main/AndroidManifest.xml:17:16-64
uses-permission#android.permission.GET_TASKS
ADDED from src/main/AndroidManifest.xml:18:2-64
	android:name
		ADDED from src/main/AndroidManifest.xml:18:19-62
uses-feature#0x00010100
ADDED from src/main/AndroidManifest.xml:20:2-51
	android:glEsVersion
		ADDED from src/main/AndroidManifest.xml:20:16-48
supports-screens
ADDED from src/main/AndroidManifest.xml:22:2-27:31
	android:largeScreens
		ADDED from src/main/AndroidManifest.xml:25:3-30
	android:anyDensity
		ADDED from src/main/AndroidManifest.xml:27:3-28
	android:normalScreens
		ADDED from src/main/AndroidManifest.xml:24:3-31
	android:xlargeScreens
		ADDED from src/main/AndroidManifest.xml:26:3-31
	android:smallScreens
		ADDED from src/main/AndroidManifest.xml:23:3-30
application
ADDED from src/main/AndroidManifest.xml:29:5-48:19
	android:label
		ADDED from src/main/AndroidManifest.xml:32:6-38
	android:allowBackup
		ADDED from src/main/AndroidManifest.xml:32:39-65
	android:icon
		ADDED from src/main/AndroidManifest.xml:31:6-35
	android:name
		ADDED from src/main/AndroidManifest.xml:30:6-41
activity#com.plattysoft.arlights.PHHomeActivity
ADDED from src/main/AndroidManifest.xml:34:9-44:20
	android:label
		ADDED from src/main/AndroidManifest.xml:37:4-36
	android:configChanges
		ADDED from src/main/AndroidManifest.xml:36:10-71
	android:name
		ADDED from src/main/AndroidManifest.xml:35:10-40
intent-filter#android.intent.action.MAIN+android.intent.category.LAUNCHER
ADDED from src/main/AndroidManifest.xml:39:13-42:29
action#android.intent.action.MAIN
ADDED from src/main/AndroidManifest.xml:40:17-69
	android:name
		ADDED from src/main/AndroidManifest.xml:40:25-66
category#android.intent.category.LAUNCHER
ADDED from src/main/AndroidManifest.xml:41:17-77
	android:name
		ADDED from src/main/AndroidManifest.xml:41:27-74
activity#com.philips.lighting.quickstart.PHPushlinkActivity
ADDED from src/main/AndroidManifest.xml:45:9-96
	android:name
		ADDED from src/main/AndroidManifest.xml:45:19-84
activity#org.artoolkit.ar.base.camera.CameraPreferencesActivity
ADDED from src/main/AndroidManifest.xml:46:3-94
	android:name
		ADDED from src/main/AndroidManifest.xml:46:13-82